INFO: [VRFC 10-2263] Analyzing Verilog file "C:/Users/mohamedabdelfatah572/Downloads/RISC_V_CPU/RISC_V_CPU/RISC_V_CPU.srcs/sources_1/new/ALU.v" into library xil_defaultlib
INFO: [VRFC 10-311] analyzing module ALU
INFO: [VRFC 10-2263] Analyzing Verilog file "C:/Users/mohamedabdelfatah572/Downloads/RISC_V_CPU/RISC_V_CPU/RISC_V_CPU.srcs/sources_1/new/Branch_Control.v" into library xil_defaultlib
INFO: [VRFC 10-311] analyzing module Branch_Control
INFO: [VRFC 10-2263] Analyzing Verilog file "C:/Users/mohamedabdelfatah572/Downloads/RISC_V_CPU/RISC_V_CPU/RISC_V_CPU.srcs/sources_1/new/CPU.v" into library xil_defaultlib
INFO: [VRFC 10-311] analyzing module CPU
INFO: [VRFC 10-2263] Analyzing Verilog file "C:/Users/mohamedabdelfatah572/Downloads/RISC_V_CPU/RISC_V_CPU/RISC_V_CPU.srcs/sources_1/new/ImmGen.v" into library xil_defaultlib
INFO: [VRFC 10-311] analyzing module ImmGen
INFO: [VRFC 10-2263] Analyzing Verilog file "C:/Users/mohamedabdelfatah572/Downloads/RISC_V_CPU/RISC_V_CPU/RISC_V_CPU.srcs/sources_1/new/ROM.v" into library xil_defaultlib
INFO: [VRFC 10-311] analyzing module program_ROM
INFO: [VRFC 10-2263] Analyzing Verilog file "C:/Users/mohamedabdelfatah572/Downloads/RISC_V_CPU/RISC_V_CPU/RISC_V_CPU.srcs/sources_1/new/Sev_segment_display.v" into library xil_defaultlib
INFO: [VRFC 10-311] analyzing module Sev_segment_display
INFO: [VRFC 10-2263] Analyzing Verilog file "C:/Users/mohamedabdelfatah572/Downloads/RISC_V_CPU/RISC_V_CPU/RISC_V_CPU.srcs/sources_1/new/clk_div.v" into library xil_defaultlib
INFO: [VRFC 10-311] analyzing module clk_div
INFO: [VRFC 10-2263] Analyzing Verilog file "C:/Users/mohamedabdelfatah572/Downloads/RISC_V_CPU/RISC_V_CPU/RISC_V_CPU.srcs/sources_1/new/control_Unit.v" into library xil_defaultlib
INFO: [VRFC 10-311] analyzing module ControlUnit
INFO: [VRFC 10-2263] Analyzing Verilog file "C:/Users/mohamedabdelfatah572/Downloads/RISC_V_CPU/RISC_V_CPU/RISC_V_CPU.srcs/sources_1/new/data_display.v" into library xil_defaultlib
INFO: [VRFC 10-311] analyzing module data_display
INFO: [VRFC 10-2263] Analyzing Verilog file "C:/Users/mohamedabdelfatah572/Downloads/RISC_V_CPU/RISC_V_CPU/RISC_V_CPU.srcs/sources_1/new/registerFile.v" into library xil_defaultlib
INFO: [VRFC 10-311] analyzing module registerFile
INFO: [VRFC 10-2263] Analyzing Verilog file "C:/Users/mohamedabdelfatah572/Downloads/RISC_V_CPU/RISC_V_CPU/RISC_V_CPU.srcs/sources_1/new/shifter.v" into library xil_defaultlib
INFO: [VRFC 10-311] analyzing module shifter
INFO: [VRFC 10-2263] Analyzing Verilog file "C:/Users/mohamedabdelfatah572/Downloads/RISC_V_CPU/RISC_V_CPU/RISC_V_CPU.srcs/sim_1/new/cpu_sim.v" into library xil_defaultlib
INFO: [VRFC 10-311] analyzing module cpu_sim
