INFO: [VRFC 10-2263] Analyzing Verilog file "C:/Users/Omar Ganna/AUC/Digital 1/RISCV32I-CPU/RISC_V_CPU/RISC_V_CPU.srcs/sources_1/new/ALU.v" into library xil_defaultlib
INFO: [VRFC 10-311] analyzing module ALU
INFO: [VRFC 10-2263] Analyzing Verilog file "C:/Users/Omar Ganna/AUC/Digital 1/RISCV32I-CPU/RISC_V_CPU/RISC_V_CPU.srcs/sources_1/new/Adder.v" into library xil_defaultlib
INFO: [VRFC 10-311] analyzing module Adder
INFO: [VRFC 10-2263] Analyzing Verilog file "C:/Users/Omar Ganna/AUC/Digital 1/RISCV32I-CPU/RISC_V_CPU/RISC_V_CPU.srcs/sources_1/new/Branch_Control.v" into library xil_defaultlib
INFO: [VRFC 10-311] analyzing module Branch_Control
INFO: [VRFC 10-2263] Analyzing Verilog file "C:/Users/Omar Ganna/AUC/Digital 1/RISCV32I-CPU/RISC_V_CPU/RISC_V_CPU.srcs/sources_1/new/ImmGen.v" into library xil_defaultlib
INFO: [VRFC 10-311] analyzing module ImmGen
INFO: [VRFC 10-2263] Analyzing Verilog file "C:/Users/Omar Ganna/AUC/Digital 1/RISCV32I-CPU/RISC_V_CPU/RISC_V_CPU.srcs/sources_1/new/ROM.v" into library xil_defaultlib
INFO: [VRFC 10-311] analyzing module program_ROM
INFO: [VRFC 10-2263] Analyzing Verilog file "C:/Users/Omar Ganna/AUC/Digital 1/RISCV32I-CPU/RISC_V_CPU/RISC_V_CPU.srcs/sources_1/new/Sev_segment_display.v" into library xil_defaultlib
INFO: [VRFC 10-311] analyzing module Sev_segment_display
INFO: [VRFC 10-2263] Analyzing Verilog file "C:/Users/Omar Ganna/AUC/Digital 1/RISCV32I-CPU/RISC_V_CPU/RISC_V_CPU.srcs/sources_1/new/clk_div.v" into library xil_defaultlib
INFO: [VRFC 10-311] analyzing module clk_div
INFO: [VRFC 10-2263] Analyzing Verilog file "C:/Users/Omar Ganna/AUC/Digital 1/RISCV32I-CPU/RISC_V_CPU/RISC_V_CPU.srcs/sources_1/new/control_Unit.v" into library xil_defaultlib
INFO: [VRFC 10-311] analyzing module ControlUnit
INFO: [VRFC 10-2263] Analyzing Verilog file "C:/Users/Omar Ganna/AUC/Digital 1/RISCV32I-CPU/RISC_V_CPU/RISC_V_CPU.srcs/sources_1/new/registerFile.v" into library xil_defaultlib
INFO: [VRFC 10-311] analyzing module registerFile
INFO: [VRFC 10-2263] Analyzing Verilog file "C:/Users/Omar Ganna/AUC/Digital 1/RISCV32I-CPU/RISC_V_CPU/RISC_V_CPU.srcs/sources_1/new/shifter.v" into library xil_defaultlib
INFO: [VRFC 10-311] analyzing module shifter
INFO: [VRFC 10-2263] Analyzing Verilog file "C:/Users/Omar Ganna/AUC/Digital 1/RISCV32I-CPU/RISC_V_CPU/RISC_V_CPU.srcs/sources_1/new/CPU.v" into library xil_defaultlib
INFO: [VRFC 10-311] analyzing module CPU
INFO: [VRFC 10-2458] undeclared symbol ALUsrc, assumed default net type wire [C:/Users/Omar Ganna/AUC/Digital 1/RISCV32I-CPU/RISC_V_CPU/RISC_V_CPU.srcs/sources_1/new/CPU.v:58]
INFO: [VRFC 10-2458] undeclared symbol data, assumed default net type wire [C:/Users/Omar Ganna/AUC/Digital 1/RISCV32I-CPU/RISC_V_CPU/RISC_V_CPU.srcs/sources_1/new/CPU.v:60]
INFO: [VRFC 10-2458] undeclared symbol Regwrite, assumed default net type wire [C:/Users/Omar Ganna/AUC/Digital 1/RISCV32I-CPU/RISC_V_CPU/RISC_V_CPU.srcs/sources_1/new/CPU.v:60]
INFO: [VRFC 10-2458] undeclared symbol instruction, assumed default net type wire [C:/Users/Omar Ganna/AUC/Digital 1/RISCV32I-CPU/RISC_V_CPU/RISC_V_CPU.srcs/sources_1/new/CPU.v:63]
INFO: [VRFC 10-2458] undeclared symbol Nflag, assumed default net type wire [C:/Users/Omar Ganna/AUC/Digital 1/RISCV32I-CPU/RISC_V_CPU/RISC_V_CPU.srcs/sources_1/new/CPU.v:68]
