Copyright 1986-2018 Xilinx, Inc. All Rights Reserved.
------------------------------------------------------------------------------------
| Tool Version : Vivado v.2018.2 (win64) Build 2258646 Thu Jun 14 20:03:12 MDT 2018
| Date         : Fri May 17 08:45:41 2024
| Host         : DESKTOP-GQIIC2L running 64-bit major release  (build 9200)
| Command      : report_control_sets -verbose -file CPU_control_sets_placed.rpt
| Design       : CPU
| Device       : xc7a35t
------------------------------------------------------------------------------------

Control Set Information

Table of Contents
-----------------
1. Summary
2. Histogram
3. Flip-Flop Distribution
4. Detailed Control Set Information

1. Summary
----------

+----------------------------------------------------------+-------+
|                          Status                          | Count |
+----------------------------------------------------------+-------+
| Number of unique control sets                            |   100 |
| Unused register locations in slices containing registers |   330 |
+----------------------------------------------------------+-------+


2. Histogram
------------

+--------+--------------+
| Fanout | Control Sets |
+--------+--------------+
|      2 |           32 |
|      4 |            2 |
|      8 |            1 |
|    16+ |           65 |
+--------+--------------+


3. Flip-Flop Distribution
-------------------------

+--------------+-----------------------+------------------------+-----------------+--------------+
| Clock Enable | Synchronous Set/Reset | Asynchronous Set/Reset | Total Registers | Total Slices |
+--------------+-----------------------+------------------------+-----------------+--------------+
| No           | No                    | No                     |              12 |            2 |
| No           | No                    | Yes                    |              98 |           13 |
| No           | Yes                   | No                     |              64 |           32 |
| Yes          | No                    | No                     |               0 |            0 |
| Yes          | No                    | Yes                    |            3968 |          612 |
| Yes          | Yes                   | No                     |               0 |            0 |
+--------------+-----------------------+------------------------+-----------------+--------------+


4. Detailed Control Set Information
-----------------------------------

+----------------------------------------+-----------------------------------+---------------------------------------+------------------+----------------+
|              Clock Signal              |           Enable Signal           |            Set/Reset Signal           | Slice Load Count | Bel Load Count |
+----------------------------------------+-----------------------------------+---------------------------------------+------------------+----------------+
|  rgf/Registers_reg[1][11]_LDC_i_1_n_10 |                                   | rgf/Registers_reg[1][11]_LDC_i_2_n_10 |                1 |              2 |
|  rgf/Registers_reg[1][10]_LDC_i_1_n_10 |                                   | rgf/Registers_reg[1][10]_LDC_i_2_n_10 |                1 |              2 |
|  rgf/Registers_reg[1][0]_LDC_i_1_n_10  |                                   | rgf/Registers_reg[1][0]_LDC_i_2_n_10  |                1 |              2 |
|  rgf/Registers_reg[1][12]_LDC_i_1_n_10 |                                   | rgf/Registers_reg[1][12]_LDC_i_2_n_10 |                1 |              2 |
|  rgf/Registers_reg[1][15]_LDC_i_1_n_10 |                                   | rgf/Registers_reg[1][15]_LDC_i_2_n_10 |                1 |              2 |
|  rgf/Registers_reg[1][18]_LDC_i_1_n_10 |                                   | rgf/Registers_reg[1][18]_LDC_i_2_n_10 |                1 |              2 |
|  rgf/Registers_reg[1][19]_LDC_i_1_n_10 |                                   | rgf/Registers_reg[1][19]_LDC_i_2_n_10 |                1 |              2 |
|  rgf/Registers_reg[1][13]_LDC_i_1_n_10 |                                   | rgf/Registers_reg[1][13]_LDC_i_2_n_10 |                1 |              2 |
|  rgf/Registers_reg[1][16]_LDC_i_1_n_10 |                                   | rgf/Registers_reg[1][16]_LDC_i_2_n_10 |                1 |              2 |
|  rgf/Registers_reg[1][17]_LDC_i_1_n_10 |                                   | rgf/Registers_reg[1][17]_LDC_i_2_n_10 |                1 |              2 |
|  rgf/Registers_reg[1][14]_LDC_i_1_n_10 |                                   | rgf/Registers_reg[1][14]_LDC_i_2_n_10 |                1 |              2 |
|  rgf/Registers_reg[1][23]_LDC_i_1_n_10 |                                   | rgf/Registers_reg[1][23]_LDC_i_2_n_10 |                1 |              2 |
|  rgf/Registers_reg[1][1]_LDC_i_1_n_10  |                                   | rgf/Registers_reg[1][1]_LDC_i_2_n_10  |                1 |              2 |
|  rgf/Registers_reg[1][5]_LDC_i_1_n_10  |                                   | rgf/Registers_reg[1][5]_LDC_i_2_n_10  |                1 |              2 |
|  rgf/Registers_reg[1][4]_LDC_i_1_n_10  |                                   | rgf/Registers_reg[1][4]_LDC_i_2_n_10  |                1 |              2 |
|  rgf/Registers_reg[1][6]_LDC_i_1_n_10  |                                   | rgf/Registers_reg[1][6]_LDC_i_2_n_10  |                1 |              2 |
|  rgf/Registers_reg[1][7]_LDC_i_1_n_10  |                                   | rgf/Registers_reg[1][7]_LDC_i_2_n_10  |                1 |              2 |
|  rgf/Registers_reg[1][31]_LDC_i_1_n_10 |                                   | rgf/Registers_reg[1][31]_LDC_i_2_n_10 |                1 |              2 |
|  rgf/Registers_reg[1][2]_LDC_i_1_n_10  |                                   | rgf/Registers_reg[1][2]_LDC_i_2_n_10  |                1 |              2 |
|  rgf/Registers_reg[1][3]_LDC_i_1_n_10  |                                   | rgf/Registers_reg[1][3]_LDC_i_2_n_10  |                1 |              2 |
|  rgf/Registers_reg[1][9]_LDC_i_1_n_10  |                                   | rgf/Registers_reg[1][9]_LDC_i_2_n_10  |                1 |              2 |
|  rgf/Registers_reg[1][8]_LDC_i_1_n_10  |                                   | rgf/Registers_reg[1][8]_LDC_i_2_n_10  |                1 |              2 |
|  n_4_3184_BUFG                         |                                   | rgf/Registers_reg[1][25]_LDC_i_1_n_10 |                1 |              2 |
|  n_6_3215_BUFG                         |                                   | rgf/Registers_reg[1][30]_LDC_i_1_n_10 |                1 |              2 |
|  n_8_3158_BUFG                         |                                   | rgf/Registers_reg[1][21]_LDC_i_1_n_10 |                1 |              2 |
|  n_9_3151_BUFG                         |                                   | rgf/Registers_reg[1][20]_LDC_i_1_n_10 |                1 |              2 |
|  n_0_3209_BUFG                         |                                   | rgf/Registers_reg[1][29]_LDC_i_1_n_10 |                1 |              2 |
|  n_3_3190_BUFG                         |                                   | rgf/Registers_reg[1][26]_LDC_i_1_n_10 |                1 |              2 |
|  n_7_3164_BUFG                         |                                   | rgf/Registers_reg[1][22]_LDC_i_1_n_10 |                1 |              2 |
|  n_1_3203_BUFG                         |                                   | rgf/Registers_reg[1][28]_LDC_i_1_n_10 |                1 |              2 |
|  n_2_3196_BUFG                         |                                   | rgf/Registers_reg[1][27]_LDC_i_1_n_10 |                1 |              2 |
|  n_5_3177_BUFG                         |                                   | rgf/Registers_reg[1][24]_LDC_i_1_n_10 |                1 |              2 |
|  cu/ALUSrc_reg_i_2_n_10                |                                   |                                       |                1 |              4 |
|  clo/CLK                               |                                   | rst_IBUF                              |                2 |              4 |
|  clk_out_BUFG                          |                                   |                                       |                1 |              8 |
|  clk_out_BUFG                          | rgf/Registers_reg[1][0]_LDC_n_10  | rgf/Registers_reg[1][0]_LDC_i_2_n_10  |                9 |             62 |
|  clk_out_BUFG                          | rgf/Registers_reg[1][12]_LDC_n_10 | rgf/Registers_reg[1][12]_LDC_i_2_n_10 |               11 |             62 |
|  clk_out_BUFG                          | rgf/Registers_reg[1][14]_LDC_n_10 | rgf/Registers_reg[1][14]_LDC_i_2_n_10 |               10 |             62 |
|  clk_out_BUFG                          | rgf/Registers_reg[1][18]_LDC_n_10 | rgf/Registers_reg[1][18]_LDC_i_2_n_10 |               12 |             62 |
|  clk_out_BUFG                          | rgf/Registers_reg[1][16]_LDC_n_10 | rgf/Registers_reg[1][16]_LDC_i_2_n_10 |               10 |             62 |
|  clk_out_BUFG                          | rgf/Registers_reg[1][17]_LDC_n_10 | rgf/Registers_reg[1][17]_LDC_i_2_n_10 |               11 |             62 |
|  clk_out_BUFG                          | rgf/Registers_reg[1][15]_LDC_n_10 | rgf/Registers_reg[1][15]_LDC_i_2_n_10 |                9 |             62 |
|  clk_out_BUFG                          | rgf/Registers_reg[1][13]_LDC_n_10 | rgf/Registers_reg[1][13]_LDC_i_2_n_10 |                9 |             62 |
|  clk_out_BUFG                          | rgf/Registers_reg[1][11]_LDC_n_10 | rgf/Registers_reg[1][11]_LDC_i_2_n_10 |               12 |             62 |
|  clk_out_BUFG                          | rgf/Registers_reg[1][26]_LDC_n_10 | rgf/Registers_reg[1][26]_LDC_i_1_n_10 |               11 |             62 |
|  clk_out_BUFG                          | rgf/Registers_reg[1][27]_LDC_n_10 | rgf/Registers_reg[1][27]_LDC_i_1_n_10 |               10 |             62 |
|  clk_out_BUFG                          | rgf/Registers_reg[1][24]_LDC_n_10 | rgf/Registers_reg[1][24]_LDC_i_1_n_10 |                8 |             62 |
|  clk_out_BUFG                          | rgf/Registers_reg[1][25]_LDC_n_10 | rgf/Registers_reg[1][25]_LDC_i_1_n_10 |               10 |             62 |
|  clk_out_BUFG                          | rgf/Registers_reg[1][1]_LDC_n_10  | rgf/Registers_reg[1][1]_LDC_i_2_n_10  |                9 |             62 |
|  clk_out_BUFG                          | rgf/Registers_reg[1][20]_LDC_n_10 | rgf/Registers_reg[1][20]_LDC_i_1_n_10 |                8 |             62 |
|  clk_out_BUFG                          | rgf/Registers_reg[1][23]_LDC_n_10 | rgf/Registers_reg[1][23]_LDC_i_2_n_10 |               10 |             62 |
|  clk_out_BUFG                          | rgf/Registers_reg[1][19]_LDC_n_10 | rgf/Registers_reg[1][19]_LDC_i_2_n_10 |               12 |             62 |
|  clk_out_BUFG                          | rgf/Registers_reg[1][21]_LDC_n_10 | rgf/Registers_reg[1][21]_LDC_i_1_n_10 |                9 |             62 |
|  clk_out_BUFG                          | rgf/Registers_reg[1][22]_LDC_n_10 | rgf/Registers_reg[1][22]_LDC_i_1_n_10 |                9 |             62 |
|  clk_out_BUFG                          | rgf/Registers_reg[1][5]_LDC_n_10  | rgf/Registers_reg[1][5]_LDC_i_2_n_10  |                9 |             62 |
|  clk_out_BUFG                          | rgf/Registers_reg[1][2]_LDC_n_10  | rgf/Registers_reg[1][2]_LDC_i_2_n_10  |               11 |             62 |
|  clk_out_BUFG                          | rgf/Registers_reg[1][4]_LDC_n_10  | rgf/Registers_reg[1][4]_LDC_i_2_n_10  |               12 |             62 |
|  clk_out_BUFG                          | rgf/Registers_reg[1][6]_LDC_n_10  | rgf/Registers_reg[1][6]_LDC_i_2_n_10  |               11 |             62 |
|  clk_out_BUFG                          | rgf/Registers_reg[1][28]_LDC_n_10 | rgf/Registers_reg[1][28]_LDC_i_1_n_10 |                9 |             62 |
|  clk_out_BUFG                          | rgf/Registers_reg[1][30]_LDC_n_10 | rgf/Registers_reg[1][30]_LDC_i_1_n_10 |                9 |             62 |
|  clk_out_BUFG                          | rgf/Registers_reg[1][3]_LDC_n_10  | rgf/Registers_reg[1][3]_LDC_i_2_n_10  |                9 |             62 |
|  clk_out_BUFG                          | rgf/Registers_reg[1][29]_LDC_n_10 | rgf/Registers_reg[1][29]_LDC_i_1_n_10 |                8 |             62 |
|  clk_out_BUFG                          | rgf/Registers_reg[1][31]_LDC_n_10 | rgf/Registers_reg[1][31]_LDC_i_2_n_10 |               12 |             62 |
|  clk_out_BUFG                          | rgf/Registers_reg[1][8]_LDC_n_10  | rgf/Registers_reg[1][8]_LDC_i_2_n_10  |               10 |             62 |
|  clk_out_BUFG                          | rgf/Registers_reg[1][7]_LDC_n_10  | rgf/Registers_reg[1][7]_LDC_i_2_n_10  |               10 |             62 |
|  clk_out_BUFG                          | rgf/Registers_reg[1][9]_LDC_n_10  | rgf/Registers_reg[1][9]_LDC_i_2_n_10  |                8 |             62 |
|  clk_out_BUFG                          | rgf/Registers[1][0]_P_i_1_n_10    | rgf/Registers_reg[1][0]_LDC_i_1_n_10  |               10 |             62 |
|  clk_out_BUFG                          | rgf/Registers[1][12]_P_i_1_n_10   | rgf/Registers_reg[1][12]_LDC_i_1_n_10 |               14 |             62 |
|  clk_out_BUFG                          | rgf/Registers[1][17]_P_i_1_n_10   | rgf/Registers_reg[1][17]_LDC_i_1_n_10 |               10 |             62 |
|  clk_out_BUFG                          | rgf/Registers[1][18]_P_i_1_n_10   | rgf/Registers_reg[1][18]_LDC_i_1_n_10 |               12 |             62 |
|  clk_out_BUFG                          | rgf/Registers[1][23]_P_i_1_n_10   | rgf/Registers_reg[1][23]_LDC_i_1_n_10 |                8 |             62 |
|  clk_out_BUFG                          | rgf/Registers[1][25]_P_i_1_n_10   | n_4_3184_BUFG                         |                7 |             62 |
|  clk_out_BUFG                          | rgf/Registers[1][28]_P_i_1_n_10   | n_1_3203_BUFG                         |               10 |             62 |
|  clk_out_BUFG                          | rgf/Registers[1][2]_P_i_1_n_10    | rgf/Registers_reg[1][2]_LDC_i_1_n_10  |               13 |             62 |
|  clk_out_BUFG                          | rgf/Registers[1][27]_P_i_1_n_10   | n_2_3196_BUFG                         |                7 |             62 |
|  clk_out_BUFG                          | rgf/Registers_reg[1][10]_LDC_n_10 | rgf/Registers_reg[1][10]_LDC_i_2_n_10 |                8 |             62 |
|  clk_out_BUFG                          | rgf/Registers[1][21]_P_i_1_n_10   | n_8_3158_BUFG                         |               13 |             62 |
|  clk_out_BUFG                          | rgf/Registers[1][10]_P_i_1_n_10   | rgf/Registers_reg[1][10]_LDC_i_1_n_10 |                9 |             62 |
|  clk_out_BUFG                          | rgf/Registers[1][22]_P_i_1_n_10   | n_7_3164_BUFG                         |                8 |             62 |
|  clk_out_BUFG                          | rgf/Registers[1][31]_P_i_1_n_10   | rgf/Registers_reg[1][31]_LDC_i_1_n_10 |               10 |             62 |
|  clk_out_BUFG                          | rgf/Registers[1][19]_P_i_1_n_10   | rgf/Registers_reg[1][19]_LDC_i_1_n_10 |               11 |             62 |
|  clk_out_BUFG                          | rgf/Registers[1][5]_P_i_1_n_10    | rgf/Registers_reg[1][5]_LDC_i_1_n_10  |                8 |             62 |
|  clk_out_BUFG                          | rgf/Registers[1][6]_P_i_1_n_10    | rgf/Registers_reg[1][6]_LDC_i_1_n_10  |               10 |             62 |
|  clk_out_BUFG                          | rgf/Registers[1][7]_P_i_1_n_10    | rgf/Registers_reg[1][7]_LDC_i_1_n_10  |                9 |             62 |
|  clk_out_BUFG                          | rgf/Registers[1][8]_P_i_1_n_10    | rgf/Registers_reg[1][8]_LDC_i_1_n_10  |                9 |             62 |
|  clk_out_BUFG                          | rgf/Registers[1][9]_P_i_1_n_10    | rgf/Registers_reg[1][9]_LDC_i_1_n_10  |                6 |             62 |
|  clk_out_BUFG                          | rgf/Registers[1][15]_P_i_1_n_10   | rgf/Registers_reg[1][15]_LDC_i_1_n_10 |                8 |             62 |
|  clk_out_BUFG                          | rgf/Registers[1][30]_P_i_1_n_10   | n_6_3215_BUFG                         |                9 |             62 |
|  clk_out_BUFG                          | rgf/Registers[1][24]_P_i_1_n_10   | n_5_3177_BUFG                         |                9 |             62 |
|  clk_out_BUFG                          | rgf/Registers[1][13]_P_i_1_n_10   | rgf/Registers_reg[1][13]_LDC_i_1_n_10 |                9 |             62 |
|  clk_out_BUFG                          | rgf/Registers[1][29]_P_i_1_n_10   | n_0_3209_BUFG                         |                7 |             62 |
|  clk_out_BUFG                          | rgf/Registers[1][3]_P_i_1_n_10    | rgf/Registers_reg[1][3]_LDC_i_1_n_10  |                9 |             62 |
|  clk_out_BUFG                          | rgf/Registers[1][4]_P_i_1_n_10    | rgf/Registers_reg[1][4]_LDC_i_1_n_10  |                7 |             62 |
|  clk_out_BUFG                          | rgf/Registers[1][14]_P_i_1_n_10   | rgf/Registers_reg[1][14]_LDC_i_1_n_10 |                8 |             62 |
|  clk_out_BUFG                          | rgf/Registers[1][16]_P_i_1_n_10   | rgf/Registers_reg[1][16]_LDC_i_1_n_10 |               10 |             62 |
|  clk_out_BUFG                          | rgf/Registers[1][1]_P_i_1_n_10    | rgf/Registers_reg[1][1]_LDC_i_1_n_10  |                9 |             62 |
|  clk_out_BUFG                          | rgf/Registers[1][26]_P_i_1_n_10   | n_3_3190_BUFG                         |                9 |             62 |
|  clk_out_BUFG                          | rgf/Registers[1][11]_P_i_1_n_10   | rgf/Registers_reg[1][11]_LDC_i_1_n_10 |               10 |             62 |
|  clk_out_BUFG                          | rgf/Registers[1][20]_P_i_1_n_10   | n_9_3151_BUFG                         |                9 |             62 |
|  clk_IBUF_BUFG                         |                                   | rst_IBUF                              |               11 |             94 |
+----------------------------------------+-----------------------------------+---------------------------------------+------------------+----------------+


